<?xml version="1.0" encoding="UTF-8"?>
<!-- Generated by org.testng.reporters.JUnitXMLReporter -->
<testsuite hostname="DESKTOP-B4DKAA3" ignored="0" name="Default test" tests="6" failures="0" timestamp="2023-04-20T13:24:17 IST" time="8.041" errors="0">
  <testcase name="createCustomer" time="3.98" classname="stripe.Api.StripeCom"/>
  <testcase name="retriveCustomer" time="0.943" classname="stripe.Api.StripeCom"/>
  <testcase name="updateCustomer" time="0.987" classname="stripe.Api.StripeCom"/>
  <testcase name="getAllCustomers" time="1.003" classname="stripe.Api.StripeCom"/>
  <testcase name="getSpecificCustomer" time="0.0" classname="stripe.Api.StripeCom"/>
  <testcase name="deleteCustomer" time="1.078" classname="stripe.Api.StripeCom"/>
</testsuite> <!-- Default test -->
